<?xml version="1.0" encoding="UTF-8"?>
<!-- Generated by org.testng.reporters.JUnitXMLReporter -->
<testsuite ignored="0" hostname="DESKTOP-S5E7TGE" failures="1" tests="3" name="Test" time="70.928" errors="0" timestamp="2024-01-24T22:06:32 PKT">
  <testcase classname="com.project.testCases.TC_SignupPage" name="VerifySignUp" time="14.686"/>
  <testcase classname="com.project.testCases.TC_LoginPage" name="verifyLogin" time="13.805"/>
  <testcase classname="com.project.testCases.TC_Prod" name="verifyAddProdToCart" time="34.827">
    <failure type="org.openqa.selenium.ElementClickInterceptedException" message="element click intercepted: Element &amp;lt;select class=&amp;quot;select&amp;quot; data-bind=&amp;quot;
    attr: {
        name: inputName,
        id: uid,
        disabled: disabled,
        &amp;apos;aria-describedby&amp;apos;: getDescriptionId(),
        &amp;apos;aria-required&amp;apos;: required,
        &amp;apos;aria-invalid&amp;apos;: error() ? true : &amp;apos;false&amp;apos;,
        placeholder: placeholder
    },
    hasFocus: focused,
    optgroup: options,
    value: value,
    optionsCaption: caption,
    optionsValue: &amp;apos;value&amp;apos;,
    optionsText: &amp;apos;label&amp;apos;,
    optionsAfterRender: function(option, item) {
        if (item &amp;amp;amp;&amp;amp;amp; item.disabled) {
            ko.applyBindingsToNode(option, {attr: {disabled: true}}, item);
        }
    }&amp;quot; name=&amp;quot;region_id&amp;quot; id=&amp;quot;PF0SNE0&amp;quot; aria-required=&amp;quot;true&amp;quot; aria-invalid=&amp;quot;false&amp;quot;&amp;gt;...&amp;lt;/select&amp;gt; is not clickable at point (304, 553). Other element would receive the click: &amp;lt;div id=&amp;quot;checkout-loader&amp;quot; data-role=&amp;quot;checkout-loader&amp;quot; class=&amp;quot;loading-mask&amp;quot;&amp;gt;...&amp;lt;/div&amp;gt;
  (Session info: chrome=120.0.6099.225)
Build info: version: &amp;apos;4.11.0&amp;apos;, revision: &amp;apos;040bc5406b&amp;apos;
System info: os.name: &amp;apos;Windows 10&amp;apos;, os.arch: &amp;apos;amd64&amp;apos;, os.version: &amp;apos;10.0&amp;apos;, java.version: &amp;apos;17.0.4.1&amp;apos;
Driver info: org.openqa.selenium.chrome.ChromeDriver
Command: [7b1bda466b681e06521e8c7c2747ed2f, clickElement {id=FD617497F6FAC2594F49FEE39CC94AF1_element_120}]
Capabilities {acceptInsecureCerts: false, browserName: chrome, browserVersion: 120.0.6099.225, chrome: {chromedriverVersion: 120.0.6099.109 (3419140ab66..., userDataDir: C:\Users\maddy\AppData\Loca...}, fedcm:accounts: true, goog:chromeOptions: {debuggerAddress: localhost:52817}, networkConnectionEnabled: false, pageLoadStrategy: normal, platformName: windows, proxy: Proxy(), se:cdp: ws://localhost:52817/devtoo..., se:cdpVersion: 120.0.6099.225, setWindowRect: true, strictFileInteractability: false, timeouts: {implicit: 0, pageLoad: 300000, script: 30000}, unhandledPromptBehavior: dismiss and notify, webauthn:extension:credBlob: true, webauthn:extension:largeBlob: true, webauthn:extension:minPinLength: true, webauthn:extension:prf: true, webauthn:virtualAuthenticators: true}
Element: [[ChromeDriver: chrome on windows (7b1bda466b681e06521e8c7c2747ed2f)] -&amp;gt; name: region_id]
Session ID: 7b1bda466b681e06521e8c7c2747ed2f">
      <![CDATA[org.openqa.selenium.ElementClickInterceptedException: element click intercepted: Element <select class="select" data-bind="
    attr: {
        name: inputName,
        id: uid,
        disabled: disabled,
        'aria-describedby': getDescriptionId(),
        'aria-required': required,
        'aria-invalid': error() ? true : 'false',
        placeholder: placeholder
    },
    hasFocus: focused,
    optgroup: options,
    value: value,
    optionsCaption: caption,
    optionsValue: 'value',
    optionsText: 'label',
    optionsAfterRender: function(option, item) {
        if (item &amp;&amp; item.disabled) {
            ko.applyBindingsToNode(option, {attr: {disabled: true}}, item);
        }
    }" name="region_id" id="PF0SNE0" aria-required="true" aria-invalid="false">...</select> is not clickable at point (304, 553). Other element would receive the click: <div id="checkout-loader" data-role="checkout-loader" class="loading-mask">...</div>
  (Session info: chrome=120.0.6099.225)
Build info: version: '4.11.0', revision: '040bc5406b'
System info: os.name: 'Windows 10', os.arch: 'amd64', os.version: '10.0', java.version: '17.0.4.1'
Driver info: org.openqa.selenium.chrome.ChromeDriver
Command: [7b1bda466b681e06521e8c7c2747ed2f, clickElement {id=FD617497F6FAC2594F49FEE39CC94AF1_element_120}]
Capabilities {acceptInsecureCerts: false, browserName: chrome, browserVersion: 120.0.6099.225, chrome: {chromedriverVersion: 120.0.6099.109 (3419140ab66..., userDataDir: C:\Users\maddy\AppData\Loca...}, fedcm:accounts: true, goog:chromeOptions: {debuggerAddress: localhost:52817}, networkConnectionEnabled: false, pageLoadStrategy: normal, platformName: windows, proxy: Proxy(), se:cdp: ws://localhost:52817/devtoo..., se:cdpVersion: 120.0.6099.225, setWindowRect: true, strictFileInteractability: false, timeouts: {implicit: 0, pageLoad: 300000, script: 30000}, unhandledPromptBehavior: dismiss and notify, webauthn:extension:credBlob: true, webauthn:extension:largeBlob: true, webauthn:extension:minPinLength: true, webauthn:extension:prf: true, webauthn:virtualAuthenticators: true}
Element: [[ChromeDriver: chrome on windows (7b1bda466b681e06521e8c7c2747ed2f)] -> name: region_id]
Session ID: 7b1bda466b681e06521e8c7c2747ed2f
at org.openqa.selenium.remote.codec.w3c.W3CHttpResponseCodec.createException(W3CHttpResponseCodec.java:200)
at org.openqa.selenium.remote.codec.w3c.W3CHttpResponseCodec.decode(W3CHttpResponseCodec.java:133)
at org.openqa.selenium.remote.codec.w3c.W3CHttpResponseCodec.decode(W3CHttpResponseCodec.java:52)
at org.openqa.selenium.remote.HttpCommandExecutor.execute(HttpCommandExecutor.java:191)
at org.openqa.selenium.remote.service.DriverCommandExecutor.invokeExecute(DriverCommandExecutor.java:196)
at org.openqa.selenium.remote.service.DriverCommandExecutor.execute(DriverCommandExecutor.java:171)
at org.openqa.selenium.remote.RemoteWebDriver.execute(RemoteWebDriver.java:518)
at org.openqa.selenium.remote.RemoteWebElement.execute(RemoteWebElement.java:224)
at org.openqa.selenium.remote.RemoteWebElement.click(RemoteWebElement.java:77)
at com.project.testCases.TC_Prod.verifyAddProdToCart(TC_Prod.java:46)
at java.base/java.util.ArrayList.forEach(ArrayList.java:1511)
... Removed 32 stack frames]]>
    </failure>
  </testcase> <!-- verifyAddProdToCart -->
</testsuite> <!-- Test -->
